---------------------Creacion del Aula Automatica: MICROBIOLOGÍA APLICADA AL ECOSISTEMA SUELO (7307) - 2022---------------------
Fecha y Hora Inicio de la Creacion: 2022-11-16 11:54:05.438
Organizacion del Aula: Agronomía y Veterinaria - Grado
Responsable del Aula: ANDRES, JAVIER - 17864385
Fecha y Hora Fin de la Creacion: 2022-11-16 11:54:11.115
-----------------------------------------------------------------------------------------------------------

---------------------Actualizacion de Aula Automatica: MICROBIOLOGÍA APLICADA AL ECOSISTEMA SUELO (7307) - 2022---------------------
Equipo docente: 
JAVIER ANDRES - 17864385
EDUARDO ANTONIO GATICA - 22648088
CARLA VALERIA BRUNO - 27322095
LORENA GUIÑAZÚ - 26085907
ALICIA THUAR - 11865410

Comision: UNICA
Estudiantes: 
 HUGO RICARDO GENTILE DEPETRIS - 39612127
RAMÓN SANDRO ZAPATA ZARATE - 38107666
ATILIO JUAN OCHOA ACOSTA - 36692094
Anahí Andrea IRUSTA CRUZ - 37525343
Bruno Cruz NIETO NIEVAS - 40298433
CINTIA FIORELLA BONETTO BONGIOVANNI - 41594273
EMANUEL OMAR BRUNO IRUSTA - 38169803
GASPAR GASTON BERARDO MERCADO - 38021774
Gustavo Axel MOLINA ROMERO - 40218918
JOHANNA SOL BORGHI SORIA - 29581811
MARÍA DARÍO BRAVO ARCE - 40202562
MIGUEL MILTON CORNEJO CORREA - 41741353
Paola Lara Quiroga Oviedo - 41198824
ABIGAIL ABRIL CARDETTI  - 37523595
Docentes: 
17864385
22648088
27322095
26085907
11865410

-----------------------------------------------------------------------------------------------------------

---------------------Creacion del Aula Automatica: FISICA GENERAL (2200) - 2022---------------------
Fecha y Hora Inicio de la Creacion: 2022-11-16 12:06:05.168
Organizacion del Aula: Ciencias Exactas - Grado
Responsable del Aula: MAGALLANES BAIGORRIA, ESTEFANÍA ESTELA - 17948762
Fecha y Hora Fin de la Creacion: 2022-11-16 12:06:07.801
-----------------------------------------------------------------------------------------------------------

---------------------Actualizacion de Aula Automatica: FISICA GENERAL (2200) - 2022---------------------
Equipo docente: 
ESTEFANÍA ESTELA MAGALLANES BAIGORRIA - 17948762
ESTEBAN SIGAL - 27933609

Comision: UNICA
Estudiantes: 
GIMENA GINA SUAREZ DUARTE - 36796157
Lucas Luciano ARGUELLO ARIAS - 43996754
PAZ NAZARENA RAMOS CAMPOS - 44973420
RAMÓN SANDRO ORTIZ BRUNO - 36776260
NAIR MAIRA OVIEDO AVILA - 41225478
Docentes: 
17948762
27933609

-----------------------------------------------------------------------------------------------------------

---------------------Creacion del Aula Automatica: FISICA GENERAL P (2205) - 2022---------------------
Fecha y Hora Inicio de la Creacion: 2022-11-16 12:15:05.642
Organizacion del Aula: Ciencias Exactas - Grado
Responsable del Aula: MAGALLANES BAIGORRIA, ESTEFANÍA ESTELA - 17948762
Fecha y Hora Fin de la Creacion: 2022-11-16 12:15:08.18
-----------------------------------------------------------------------------------------------------------

---------------------Actualizacion de Aula Automatica: FISICA GENERAL P (2205) - 2022---------------------
Equipo docente: 
ESTEFANÍA ESTELA MAGALLANES BAIGORRIA - 17948762
ESTEBAN SIGAL - 27933609

Comision: UNICA
Estudiantes: 
Docentes: 
27933609
17948762

-----------------------------------------------------------------------------------------------------------

